app/build/outputs/logs/manifest-merger-debug-report.txt
-- Merging decision tree log ---
manifest
ADDED from src/main/AndroidManifest.xml:13:1-145:12
	xmlns:android
		ADDED from src/main/AndroidManifest.xml:13:11-69
	package
		ADDED from src/main/AndroidManifest.xml:14:5-35
		INJECTED from src/main/AndroidManifest.xml
		INJECTED from src/main/AndroidManifest.xml
	android:versionName
		INJECTED from src/main/AndroidManifest.xml
		INJECTED from src/main/AndroidManifest.xml
	android:versionCode
		INJECTED from src/main/AndroidManifest.xml
		INJECTED from src/main/AndroidManifest.xml
uses-permission#android.permission.INTERNET
ADDED from src/main/AndroidManifest.xml:16:5-67
MERGED from [com.google.android.gms:play-services-gcm:8.4.0] AndroidManifest.xml:22:5-67
MERGED from [com.google.android.gms:play-services-measurement:8.4.0] AndroidManifest.xml:21:5-67
	android:name
		ADDED from src/main/AndroidManifest.xml:16:22-64
uses-permission#android.permission.ACCESS_NETWORK_STATE
ADDED from src/main/AndroidManifest.xml:17:5-79
MERGED from [com.google.android.gms:play-services-measurement:8.4.0] AndroidManifest.xml:22:5-79
	android:name
		ADDED from src/main/AndroidManifest.xml:17:22-76
uses-permission#android.permission.ACCESS_WIFI_STATE
ADDED from src/main/AndroidManifest.xml:18:5-76
	android:name
		ADDED from src/main/AndroidManifest.xml:18:22-73
uses-permission#android.permission.WAKE_LOCK
ADDED from src/main/AndroidManifest.xml:19:5-68
MERGED from [com.google.android.gms:play-services-measurement:8.4.0] AndroidManifest.xml:24:5-67
	android:name
		ADDED from src/main/AndroidManifest.xml:19:22-65
uses-permission#com.google.android.c2dm.permission.RECEIVE
ADDED from src/main/AndroidManifest.xml:20:5-82
MERGED from [com.google.android.gms:play-services-gcm:8.4.0] AndroidManifest.xml:21:5-82
	android:name
		ADDED from src/main/AndroidManifest.xml:20:22-79
permission#com.amazon.mysampleapp.permission.C2D_MESSAGE
ADDED from src/main/AndroidManifest.xml:22:5-24:47
	android:protectionLevel
		ADDED from src/main/AndroidManifest.xml:24:9-44
	android:name
		ADDED from src/main/AndroidManifest.xml:23:9-69
uses-permission#com.amazon.mysampleapp.permission.C2D_MESSAGE
ADDED from src/main/AndroidManifest.xml:26:5-85
	android:name
		ADDED from src/main/AndroidManifest.xml:26:22-82
uses-permission#android.permission.GET_ACCOUNTS
ADDED from src/main/AndroidManifest.xml:27:5-71
	android:name
		ADDED from src/main/AndroidManifest.xml:27:22-68
uses-permission#android.permission.USE_CREDENTIALS
ADDED from src/main/AndroidManifest.xml:28:5-74
	android:name
		ADDED from src/main/AndroidManifest.xml:28:22-71
uses-permission#android.permission.READ_EXTERNAL_STORAGE
ADDED from src/main/AndroidManifest.xml:29:5-80
	android:name
		ADDED from src/main/AndroidManifest.xml:29:22-77
application
ADDED from src/main/AndroidManifest.xml:31:5-143:19
MERGED from [com.android.support:appcompat-v7:23.3.0] AndroidManifest.xml:25:5-20
MERGED from [com.android.support:support-vector-drawable:23.3.0] AndroidManifest.xml:7:5-20
MERGED from [com.android.support:support-v4:23.3.0] AndroidManifest.xml:22:5-20
MERGED from [com.android.support:animated-vector-drawable:23.3.0] AndroidManifest.xml:7:5-20
MERGED from [com.android.support:support-vector-drawable:23.3.0] AndroidManifest.xml:7:5-20
MERGED from [com.android.support:support-v4:23.3.0] AndroidManifest.xml:22:5-20
MERGED from [com.android.support:support-v4:23.3.0] AndroidManifest.xml:22:5-20
MERGED from [com.android.support:support-v4:23.3.0] AndroidManifest.xml:22:5-20
MERGED from [com.google.android.gms:play-services-gcm:8.4.0] AndroidManifest.xml:24:5-20
MERGED from [com.google.android.gms:play-services-basement:8.4.0] AndroidManifest.xml:20:5-24:19
MERGED from [com.android.support:support-v4:23.3.0] AndroidManifest.xml:22:5-20
MERGED from [com.google.android.gms:play-services-measurement:8.4.0] AndroidManifest.xml:26:5-46:19
MERGED from [com.google.android.gms:play-services-basement:8.4.0] AndroidManifest.xml:20:5-24:19
MERGED from [com.android.support:support-v4:23.3.0] AndroidManifest.xml:22:5-20
MERGED from [com.facebook.android:facebook-android-sdk:4.6.0] AndroidManifest.xml:28:5-20
MERGED from [com.android.support:support-v4:23.3.0] AndroidManifest.xml:22:5-20
MERGED from [com.google.android.gms:play-services-plus:8.4.0] AndroidManifest.xml:19:5-20
MERGED from [com.google.android.gms:play-services-basement:8.4.0] AndroidManifest.xml:20:5-24:19
MERGED from [com.android.support:support-v4:23.3.0] AndroidManifest.xml:22:5-20
MERGED from [com.android.support:design:23.3.0] AndroidManifest.xml:22:5-20
MERGED from [com.android.support:appcompat-v7:23.3.0] AndroidManifest.xml:25:5-20
MERGED from [com.android.support:support-vector-drawable:23.3.0] AndroidManifest.xml:7:5-20
MERGED from [com.android.support:support-v4:23.3.0] AndroidManifest.xml:22:5-20
MERGED from [com.android.support:animated-vector-drawable:23.3.0] AndroidManifest.xml:7:5-20
MERGED from [com.android.support:support-vector-drawable:23.3.0] AndroidManifest.xml:7:5-20
MERGED from [com.android.support:support-v4:23.3.0] AndroidManifest.xml:22:5-20
MERGED from [com.android.support:support-v4:23.3.0] AndroidManifest.xml:22:5-20
MERGED from [com.android.support:support-v4:23.3.0] AndroidManifest.xml:22:5-20
MERGED from [com.android.support:support-v4:23.3.0] AndroidManifest.xml:22:5-20
	android:label
		ADDED from src/main/AndroidManifest.xml:35:9-41
	android:allowBackup
		ADDED from src/main/AndroidManifest.xml:33:9-35
	android:icon
		ADDED from src/main/AndroidManifest.xml:34:9-43
	android:theme
		ADDED from src/main/AndroidManifest.xml:36:9-40
	android:name
		ADDED from src/main/AndroidManifest.xml:32:9-51
activity#com.mysampleapp.SplashActivity
ADDED from src/main/AndroidManifest.xml:37:9-46:20
	android:label
		ADDED from src/main/AndroidManifest.xml:40:13-45
	android:configChanges
		ADDED from src/main/AndroidManifest.xml:39:13-83
	android:name
		ADDED from src/main/AndroidManifest.xml:38:13-58
intent-filter#android.intent.action.MAIN+android.intent.category.LAUNCHER
ADDED from src/main/AndroidManifest.xml:41:13-45:29
action#android.intent.action.MAIN
ADDED from src/main/AndroidManifest.xml:42:17-69
	android:name
		ADDED from src/main/AndroidManifest.xml:42:25-66
category#android.intent.category.LAUNCHER
ADDED from src/main/AndroidManifest.xml:44:17-77
	android:name
		ADDED from src/main/AndroidManifest.xml:44:27-74
activity#com.mysampleapp.SignInActivity
ADDED from src/main/AndroidManifest.xml:47:9-50:71
	android:label
		ADDED from src/main/AndroidManifest.xml:50:13-59
	android:configChanges
		ADDED from src/main/AndroidManifest.xml:49:13-83
	android:name
		ADDED from src/main/AndroidManifest.xml:48:13-58
activity#com.mysampleapp.MainActivity
ADDED from src/main/AndroidManifest.xml:51:9-53:68
	android:label
		ADDED from src/main/AndroidManifest.xml:53:13-56
	android:name
		ADDED from src/main/AndroidManifest.xml:52:13-56
service#com.amazonaws.mobileconnectors.s3.transferutility.TransferService
ADDED from src/main/AndroidManifest.xml:66:9-68:38
	android:enabled
		ADDED from src/main/AndroidManifest.xml:68:13-35
	android:name
		ADDED from src/main/AndroidManifest.xml:67:13-93
service#com.amazonaws.mobile.downloader.service.DownloadService
ADDED from src/main/AndroidManifest.xml:69:9-91
	android:name
		ADDED from src/main/AndroidManifest.xml:69:18-88
receiver#com.amazonaws.mobile.downloader.service.NetworkStateListener
ADDED from src/main/AndroidManifest.xml:71:9-78:20
	android:exported
		ADDED from src/main/AndroidManifest.xml:74:13-37
	android:enabled
		ADDED from src/main/AndroidManifest.xml:73:13-36
	android:name
		ADDED from src/main/AndroidManifest.xml:72:13-88
intent-filter#android.net.conn.CONNECTIVITY_CHANGE
ADDED from src/main/AndroidManifest.xml:75:13-77:29
action#android.net.conn.CONNECTIVITY_CHANGE
ADDED from src/main/AndroidManifest.xml:76:17-79
	android:name
		ADDED from src/main/AndroidManifest.xml:76:25-76
provider#com.amazonaws.mobile.downloader.query.DownloadQueueProvider
ADDED from src/main/AndroidManifest.xml:80:9-84:49
	android:exported
		ADDED from src/main/AndroidManifest.xml:84:13-37
	android:authorities
		ADDED from src/main/AndroidManifest.xml:82:13-76
	android:enabled
		ADDED from src/main/AndroidManifest.xml:83:13-35
	android:name
		ADDED from src/main/AndroidManifest.xml:81:13-87
provider#android.support.v4.content.FileProvider
ADDED from src/main/AndroidManifest.xml:85:9-93:20
	android:grantUriPermissions
		ADDED from src/main/AndroidManifest.xml:89:13-47
	android:exported
		ADDED from src/main/AndroidManifest.xml:88:13-37
	android:authorities
		ADDED from src/main/AndroidManifest.xml:87:13-74
	android:name
		ADDED from src/main/AndroidManifest.xml:86:13-67
meta-data#android.support.FILE_PROVIDER_PATHS
ADDED from src/main/AndroidManifest.xml:90:13-92:66
	android:resource
		ADDED from src/main/AndroidManifest.xml:92:17-63
	android:name
		ADDED from src/main/AndroidManifest.xml:91:17-67
activity#com.facebook.FacebookActivity
ADDED from src/main/AndroidManifest.xml:100:9-104:75
	android:label
		ADDED from src/main/AndroidManifest.xml:103:13-45
	android:configChanges
		ADDED from src/main/AndroidManifest.xml:102:13-96
	android:theme
		ADDED from src/main/AndroidManifest.xml:104:13-72
	android:name
		ADDED from src/main/AndroidManifest.xml:101:13-57
meta-data#com.facebook.sdk.ApplicationId
ADDED from src/main/AndroidManifest.xml:106:9-108:55
	android:name
		ADDED from src/main/AndroidManifest.xml:107:13-58
	android:value
		ADDED from src/main/AndroidManifest.xml:108:13-52
meta-data#com.google.android.gms.version
ADDED from src/main/AndroidManifest.xml:112:9-114:69
MERGED from [com.google.android.gms:play-services-basement:8.4.0] AndroidManifest.xml:21:9-23:69
MERGED from [com.google.android.gms:play-services-basement:8.4.0] AndroidManifest.xml:21:9-23:69
MERGED from [com.google.android.gms:play-services-basement:8.4.0] AndroidManifest.xml:21:9-23:69
	android:name
		ADDED from src/main/AndroidManifest.xml:113:13-58
	android:value
		ADDED from src/main/AndroidManifest.xml:114:13-66
receiver#com.google.android.gms.gcm.GcmReceiver
ADDED from src/main/AndroidManifest.xml:118:9-127:20
	android:exported
		ADDED from src/main/AndroidManifest.xml:120:13-36
	android:permission
		ADDED from src/main/AndroidManifest.xml:121:13-73
	android:name
		ADDED from src/main/AndroidManifest.xml:119:13-66
intent-filter#@string/google_cloud_messaging_package+com.google.android.c2dm.intent.RECEIVE
ADDED from src/main/AndroidManifest.xml:122:13-126:29
action#com.google.android.c2dm.intent.RECEIVE
ADDED from src/main/AndroidManifest.xml:123:17-81
	android:name
		ADDED from src/main/AndroidManifest.xml:123:25-78
category#@string/google_cloud_messaging_package
ADDED from src/main/AndroidManifest.xml:125:17-83
	android:name
		ADDED from src/main/AndroidManifest.xml:125:27-80
service#com.mysampleapp.PushListenerService
ADDED from src/main/AndroidManifest.xml:129:9-135:19
	android:exported
		ADDED from src/main/AndroidManifest.xml:131:13-37
	android:name
		ADDED from src/main/AndroidManifest.xml:130:13-63
intent-filter#com.google.android.c2dm.intent.RECEIVE
ADDED from src/main/AndroidManifest.xml:132:13-134:29
activity#com.mysampleapp.TabLayoutDialy
ADDED from src/main/AndroidManifest.xml:139:9-142:56
	android:label
		ADDED from src/main/AndroidManifest.xml:141:13-68
	android:theme
		ADDED from src/main/AndroidManifest.xml:142:13-44
	android:name
		ADDED from src/main/AndroidManifest.xml:140:13-58
uses-sdk
INJECTED from src/main/AndroidManifest.xml reason: use-sdk injection requested
MERGED from [com.android.support:multidex:1.0.1] AndroidManifest.xml:18:5-42
MERGED from [com.android.support:appcompat-v7:23.3.0] AndroidManifest.xml:21:5-23:78
MERGED from [com.android.support:support-vector-drawable:23.3.0] AndroidManifest.xml:5:5-43
MERGED from [com.android.support:support-v4:23.3.0] AndroidManifest.xml:20:5-43
MERGED from [com.android.support:animated-vector-drawable:23.3.0] AndroidManifest.xml:5:5-44
MERGED from [com.android.support:support-vector-drawable:23.3.0] AndroidManifest.xml:5:5-43
MERGED from [com.android.support:support-v4:23.3.0] AndroidManifest.xml:20:5-43
MERGED from [com.android.support:support-v4:23.3.0] AndroidManifest.xml:20:5-43
MERGED from [com.android.support:support-v4:23.3.0] AndroidManifest.xml:20:5-43
MERGED from [com.google.android.gms:play-services-gcm:8.4.0] AndroidManifest.xml:18:5-42
MERGED from [com.google.android.gms:play-services-base:8.4.0] AndroidManifest.xml:18:5-42
MERGED from [com.google.android.gms:play-services-basement:8.4.0] AndroidManifest.xml:18:5-42
MERGED from [com.android.support:support-v4:23.3.0] AndroidManifest.xml:20:5-43
MERGED from [com.google.android.gms:play-services-measurement:8.4.0] AndroidManifest.xml:18:5-42
MERGED from [com.google.android.gms:play-services-basement:8.4.0] AndroidManifest.xml:18:5-42
MERGED from [com.android.support:support-v4:23.3.0] AndroidManifest.xml:20:5-43
MERGED from [com.facebook.android:facebook-android-sdk:4.6.0] AndroidManifest.xml:24:5-26:41
MERGED from [com.android.support:support-v4:23.3.0] AndroidManifest.xml:20:5-43
MERGED from [com.google.android.gms:play-services-plus:8.4.0] AndroidManifest.xml:18:5-42
MERGED from [com.google.android.gms:play-services-base:8.4.0] AndroidManifest.xml:18:5-42
MERGED from [com.google.android.gms:play-services-basement:8.4.0] AndroidManifest.xml:18:5-42
MERGED from [com.android.support:support-v4:23.3.0] AndroidManifest.xml:20:5-43
MERGED from [com.android.support:design:23.3.0] AndroidManifest.xml:20:5-43
MERGED from [com.android.support:appcompat-v7:23.3.0] AndroidManifest.xml:21:5-23:78
MERGED from [com.android.support:support-vector-drawable:23.3.0] AndroidManifest.xml:5:5-43
MERGED from [com.android.support:support-v4:23.3.0] AndroidManifest.xml:20:5-43
MERGED from [com.android.support:animated-vector-drawable:23.3.0] AndroidManifest.xml:5:5-44
MERGED from [com.android.support:support-vector-drawable:23.3.0] AndroidManifest.xml:5:5-43
MERGED from [com.android.support:support-v4:23.3.0] AndroidManifest.xml:20:5-43
MERGED from [com.android.support:support-v4:23.3.0] AndroidManifest.xml:20:5-43
MERGED from [com.android.support:support-v4:23.3.0] AndroidManifest.xml:20:5-43
MERGED from [com.android.support:recyclerview-v7:23.3.0] AndroidManifest.xml:20:5-43
MERGED from [com.android.support:support-v4:23.3.0] AndroidManifest.xml:20:5-43
	android:targetSdkVersion
		INJECTED from src/main/AndroidManifest.xml
		INJECTED from src/main/AndroidManifest.xml
	android:minSdkVersion
		INJECTED from src/main/AndroidManifest.xml
		INJECTED from src/main/AndroidManifest.xml
	tools:overrideLibrary
		ADDED from [com.android.support:appcompat-v7:23.3.0] AndroidManifest.xml:23:9-75
provider#com.google.android.gms.measurement.AppMeasurementContentProvider
ADDED from [com.google.android.gms:play-services-measurement:8.4.0] AndroidManifest.xml:28:7-31:37
	android:exported
		ADDED from [com.google.android.gms:play-services-measurement:8.4.0] AndroidManifest.xml:31:11-35
	android:authorities
		ADDED from [com.google.android.gms:play-services-measurement:8.4.0] AndroidManifest.xml:29:11-76
	android:name
		ADDED from [com.google.android.gms:play-services-measurement:8.4.0] AndroidManifest.xml:30:11-90
receiver#com.google.android.gms.measurement.AppMeasurementReceiver
ADDED from [com.google.android.gms:play-services-measurement:8.4.0] AndroidManifest.xml:33:7-39:18
	android:enabled
		ADDED from [com.google.android.gms:play-services-measurement:8.4.0] AndroidManifest.xml:35:11-33
	android:name
		ADDED from [com.google.android.gms:play-services-measurement:8.4.0] AndroidManifest.xml:34:11-83
intent-filter#com.google.android.gms.measurement.UPLOAD
ADDED from [com.google.android.gms:play-services-measurement:8.4.0] AndroidManifest.xml:36:9-38:25
action#com.google.android.gms.measurement.UPLOAD
ADDED from [com.google.android.gms:play-services-measurement:8.4.0] AndroidManifest.xml:37:11-77
	android:name
		ADDED from [com.google.android.gms:play-services-measurement:8.4.0] AndroidManifest.xml:37:19-75
service#com.google.android.gms.measurement.AppMeasurementService
ADDED from [com.google.android.gms:play-services-measurement:8.4.0] AndroidManifest.xml:41:7-44:37
	android:exported
		ADDED from [com.google.android.gms:play-services-measurement:8.4.0] AndroidManifest.xml:44:11-35
	android:enabled
		ADDED from [com.google.android.gms:play-services-measurement:8.4.0] AndroidManifest.xml:43:11-33
	android:name
		ADDED from [com.google.android.gms:play-services-measurement:8.4.0] AndroidManifest.xml:42:11-82